<?xml version="1.0" encoding="UTF-8"?>
<!-- Generated by org.testng.reporters.JUnitReportReporter -->
<testsuite hostname="LENOVO-PC" failures="0" tests="1" name="com.banking.scripts.TestScript" time="11.648" errors="0" timestamp="2022-04-29T14:50:21 IST" skipped="0">
  <testcase classname="com.banking.scripts.TestScript" name="script1" time="11.648"/>
  <system-out>
Azhar  </system-out>
</testsuite> <!-- com.banking.scripts.TestScript -->
